0	07:44:53.456	Compiling 'Kijun_Sen_and_Envelope_??????'
0	08:17:36.587	Compiling 'Kijun_Sen_and_Envelope_??????'
0	08:17:50.527	Compiling 'Kijun_Sen_and_Envelope_??????'
0	08:18:19.338	Compiling 'Kijun_Sen_and_Envelope_??????'
0	08:18:24.285	Compiling 'Kijun_Sen_and_Envelope_??????'
0	08:22:18.477	Compiling 'Kijun_Sen_and_Envelope_??????'
0	08:22:20.324	Compiling 'Fractals - (adjustable period + price)'
0	08:23:05.756	Compiling 'Kijun_Sen_and_Envelope_??????'
0	21:08:34.088	Compiling 'Kijun_Sen_and_Envelope_??????'
0	21:08:35.776	Compiling 'i-Regr_modified'
0	21:08:37.687	Compiling 'Iregr-\i-Regr_modified 1.2.2'
0	21:08:39.652	Compiling 'Iregr-\i-Regr_modified 1.3.1'
0	21:08:41.487	Compiling 'Iregr-\i-Regr_modified'
0	21:08:43.529	Compiling 'New Infinity\i-Regr_modified'
0	21:08:45.431	Compiling 'New Infinity\Main clock'
0	21:09:02.377	Compiling 'Kijun_Sen_and_Envelope_??????'
0	21:09:16.758	Compiling 'Kijun_Sen_and_Envelope_??????'
0	21:38:25.134	Compiling 'Kijun_Sen_and_Envelope_??????'
0	21:39:56.600	Compiling 'Kijun_Sen_and_Envelope_??????'
0	21:53:28.830	Compiling 'Kijun_Sen_and_Envelope_??????'
0	21:59:19.998	Compiling 'Kijun_Sen_and_Envelope_??????'
0	22:03:53.671	Compiling 'Kijun_Sen_and_Envelope_??????'
0	22:05:17.366	Compiling 'Kijun_Sen_and_Envelope_??????'
0	22:15:42.143	Compiling 'Kijun_Sen_and_Envelope_??????'
0	22:19:05.623	Compiling 'Kijun_Sen_and_Envelope_??????'
0	22:20:35.516	Compiling 'Kijun_Sen_and_Envelope_??????'
0	23:36:46.658	Compiling 'Kijun_Sen_and_Envelope_??????'
0	23:37:15.933	Compiling 'Kijun_Sen_and_Envelope_??????'
